INFO:werkzeug:127.0.0.1 - - [26/Feb/2024 20:36:40] "[33mGET /favicon.ico HTTP/1.1[0m" 404 -
INFO:werkzeug:127.0.0.1 - - [26/Feb/2024 21:12:35] "GET / HTTP/1.1" 200 -
INFO:root:CSV file saved successfully.
INFO:root:Uploaded filename: Sipoc-Table-Template.csv
INFO:root:Uploaded filepath: uploads\Sipoc-Table-Template_c3be98a6.csv
INFO:root:Filename without extension: Sipoc-Table-Template_c3be98a6
INFO:root:sipoc-to-pptx-4-Flask.py executed successfully.
INFO:root:Seperate_verbs.py executed successfully.
INFO:root:Bracket.py executed successfully.
INFO:werkzeug:127.0.0.1 - - [26/Feb/2024 21:12:44] "POST /upload HTTP/1.1" 200 -
INFO:werkzeug:[31m[1mWARNING: This is a development server. Do not use it in a production deployment. Use a production WSGI server instead.[0m
 * Running on http://127.0.0.1:5000
INFO:werkzeug:[33mPress CTRL+C to quit[0m
INFO:werkzeug: * Restarting with stat
WARNING:werkzeug: * Debugger is active!
INFO:werkzeug: * Debugger PIN: 823-632-055
INFO:werkzeug:127.0.0.1 - - [27/Feb/2024 08:59:45] "[33mGET /favicon.ico HTTP/1.1[0m" 404 -
INFO:werkzeug:127.0.0.1 - - [27/Feb/2024 08:59:46] "GET / HTTP/1.1" 200 -
INFO:root:CSV file saved successfully.
INFO:root:Uploaded filename: sipoc_table1.csv
INFO:root:Uploaded filepath: uploads\sipoc_table1_d5fe6026.csv
INFO:root:Filename without extension: sipoc_table1_d5fe6026
INFO:root:sipoc-to-pptx-4-Flask.py executed successfully.
INFO:root:Seperate_verbs.py executed successfully.
INFO:root:Bracket.py executed successfully.
INFO:werkzeug:127.0.0.1 - - [27/Feb/2024 08:59:55] "POST /upload HTTP/1.1" 200 -
INFO:root:PowerPoint file downloaded successfully.
ERROR:root:An error occurred: [WinError 2] The system cannot find the file specified: 'C:\\Users\\m_faz\\OneDrive\\Documents\\GitHub\\MandyFazl-Portfolio\\PHM-Project\\PrOH-Modeller\\Pro-python\\uploads\\sipoc_table1_d5fe6026.pptx'
INFO:werkzeug:127.0.0.1 - - [27/Feb/2024 08:59:58] "GET /download_pptx HTTP/1.1" 200 -
INFO:root:Sub_bubbles file downloaded successfully.
ERROR:root:An error occurred: [WinError 2] The system cannot find the file specified: 'C:\\Users\\m_faz\\OneDrive\\Documents\\GitHub\\MandyFazl-Portfolio\\PHM-Project\\PrOH-Modeller\\Pro-python\\uploads\\sipoc_table1_d5fe6026verbs.csv'
INFO:werkzeug:127.0.0.1 - - [27/Feb/2024 08:59:59] "GET /download_Sub_bubbles HTTP/1.1" 200 -
INFO:root:Verbs csv file downloaded successfully.
ERROR:root:An error occurred: [WinError 2] The system cannot find the file specified: 'C:\\Users\\m_faz\\OneDrive\\Documents\\GitHub\\MandyFazl-Portfolio\\PHM-Project\\PrOH-Modeller\\Pro-python\\uploads\\sipoc_table1_d5fe6026verbs.csv'
INFO:werkzeug:127.0.0.1 - - [27/Feb/2024 09:00:00] "GET /download_verbs HTTP/1.1" 200 -
INFO:werkzeug: * Detected change in 'C:\\Users\\m_faz\\OneDrive\\Documents\\GitHub\\MandyFazl-Portfolio\\PHM-Project\\PrOH-Modeller\\Pro-python\\main.py', reloading
INFO:werkzeug: * Restarting with stat
WARNING:werkzeug: * Debugger is active!
INFO:werkzeug: * Debugger PIN: 823-632-055
INFO:werkzeug:127.0.0.1 - - [27/Feb/2024 09:11:26] "GET / HTTP/1.1" 200 -
INFO:root:CSV file saved successfully.
INFO:root:Uploaded filename: sipoc_table2.csv
INFO:root:Uploaded filepath: uploads\sipoc_table2_2920505c.csv
INFO:root:Filename without extension: sipoc_table2_2920505c
INFO:root:looking for the filepath
INFO:root:Filename without extension: uploads\sipoc_table2_2920505c
INFO:root:Uploaded filepath: uploads\sipoc_table2_2920505c.csv
INFO:root:output_presentation is saved successfully.
INFO:root:output_presentation path: uploads\sipoc_table2_2920505c.pptx
INFO:root:sipoc-to-pptx-4-Flask.py executed successfully.
INFO:root:Seperate_verbs.py :Input CSV file name.
INFO:root:output_file uploads\sipoc_table2_2920505cverbs.csv
INFO:root:start to write verbs to the output CSV file
INFO:root:Verbs have been saved to  uploads\sipoc_table2_2920505cverbs.csv
INFO:root:Seperate_verbs.py executed successfully.
INFO:root:Bracket.py :Input CSV file name.
INFO:root:output_file uploads\sipoc_table2_2920505cSubBubbles.csv
INFO:root:start to write cells with parentheses to the output CSV file
INFO:root:Cells with parentheses have been saved to 'uploads\sipoc_table2_2920505cSubBubbles.csv'
INFO:root:start to write words between parentheses to the output CSV file
INFO:root:Words between parentheses have been saved to 'uploads\sipoc_table2_2920505cSubBubbles.csv'
INFO:root:Bracket.py executed successfully.
INFO:werkzeug:127.0.0.1 - - [27/Feb/2024 09:11:43] "POST /upload HTTP/1.1" 200 -
INFO:root:PowerPoint file downloaded successfully.
INFO:werkzeug:127.0.0.1 - - [27/Feb/2024 09:11:45] "GET /download_pptx HTTP/1.1" 200 -
INFO:root:Sub_bubbles file downloaded successfully.
INFO:werkzeug:127.0.0.1 - - [27/Feb/2024 09:11:46] "GET /download_Sub_bubbles HTTP/1.1" 200 -
INFO:root:Verbs csv file downloaded successfully.
INFO:werkzeug:127.0.0.1 - - [27/Feb/2024 09:11:47] "GET /download_verbs HTTP/1.1" 200 -
INFO:werkzeug: * Detected change in 'C:\\Users\\m_faz\\OneDrive\\Documents\\GitHub\\MandyFazl-Portfolio\\PHM-Project\\PrOH-Modeller\\Pro-python\\Bracket.py', reloading
INFO:werkzeug: * Restarting with stat
WARNING:werkzeug: * Debugger is active!
INFO:werkzeug: * Debugger PIN: 823-632-055
INFO:werkzeug:127.0.0.1 - - [27/Feb/2024 09:14:05] "GET / HTTP/1.1" 200 -
INFO:root:CSV file saved successfully.
INFO:root:Uploaded filename: sipoc_table1.csv
INFO:root:Uploaded filepath: uploads\sipoc_table1_ab2903b1.csv
INFO:root:Filename without extension: sipoc_table1_ab2903b1
INFO:root:looking for the filepath
INFO:root:Filename without extension: uploads\sipoc_table1_ab2903b1
INFO:root:Uploaded filepath: uploads\sipoc_table1_ab2903b1.csv
INFO:root:output_presentation is saved successfully.
INFO:root:output_presentation path: uploads\sipoc_table1_ab2903b1.pptx
INFO:root:sipoc-to-pptx-4-Flask.py executed successfully.
INFO:root:Seperate_verbs.py :Input CSV file name.
INFO:root:output_file uploads\sipoc_table1_ab2903b1verbs.csv
INFO:root:start to write verbs to the output CSV file
INFO:root:Verbs have been saved to  uploads\sipoc_table1_ab2903b1verbs.csv
INFO:root:Seperate_verbs.py executed successfully.
INFO:root:Bracket.py executed successfully.
INFO:werkzeug:127.0.0.1 - - [27/Feb/2024 09:14:20] "POST /upload HTTP/1.1" 200 -
INFO:root:PowerPoint file downloaded successfully.
INFO:werkzeug:127.0.0.1 - - [27/Feb/2024 09:14:21] "GET /download_pptx HTTP/1.1" 200 -
INFO:root:Sub_bubbles file downloaded successfully.
INFO:werkzeug:127.0.0.1 - - [27/Feb/2024 09:14:21] "GET /download_Sub_bubbles HTTP/1.1" 200 -
INFO:root:Verbs csv file downloaded successfully.
INFO:werkzeug:127.0.0.1 - - [27/Feb/2024 09:14:22] "GET /download_verbs HTTP/1.1" 200 -
INFO:werkzeug: * Detected change in 'C:\\Users\\m_faz\\OneDrive\\Documents\\GitHub\\MandyFazl-Portfolio\\PHM-Project\\PrOH-Modeller\\Pro-python\\Bracket.py', reloading
INFO:werkzeug: * Restarting with stat
WARNING:werkzeug: * Debugger is active!
INFO:werkzeug: * Debugger PIN: 823-632-055
INFO:werkzeug: * Detected change in 'C:\\Users\\m_faz\\OneDrive\\Documents\\GitHub\\MandyFazl-Portfolio\\PHM-Project\\PrOH-Modeller\\Pro-python\\Bracket.py', reloading
INFO:werkzeug: * Restarting with stat
WARNING:werkzeug: * Debugger is active!
INFO:werkzeug: * Debugger PIN: 823-632-055
INFO:werkzeug:127.0.0.1 - - [27/Feb/2024 09:16:09] "GET / HTTP/1.1" 200 -
INFO:root:CSV file saved successfully.
INFO:root:Uploaded filename: sipoc_table2.csv
INFO:root:Uploaded filepath: uploads\sipoc_table2_5a3c3741.csv
INFO:root:Filename without extension: sipoc_table2_5a3c3741
INFO:root:looking for the filepath
INFO:root:Filename without extension: uploads\sipoc_table2_5a3c3741
INFO:root:Uploaded filepath: uploads\sipoc_table2_5a3c3741.csv
INFO:root:output_presentation is saved successfully.
INFO:root:output_presentation path: uploads\sipoc_table2_5a3c3741.pptx
INFO:root:sipoc-to-pptx-4-Flask.py executed successfully.
INFO:root:Seperate_verbs.py :Input CSV file name.
INFO:root:output_file uploads\sipoc_table2_5a3c3741verbs.csv
INFO:root:start to write verbs to the output CSV file
INFO:root:Verbs have been saved to  uploads\sipoc_table2_5a3c3741verbs.csv
INFO:root:Seperate_verbs.py executed successfully.
INFO:root:Bracket.py executed successfully.
INFO:werkzeug:127.0.0.1 - - [27/Feb/2024 09:16:23] "POST /upload HTTP/1.1" 200 -
INFO:werkzeug: * Detected change in 'C:\\Users\\m_faz\\OneDrive\\Documents\\GitHub\\MandyFazl-Portfolio\\PHM-Project\\PrOH-Modeller\\Pro-python\\Bracket.py', reloading
INFO:werkzeug: * Restarting with stat
WARNING:werkzeug: * Debugger is active!
INFO:werkzeug: * Debugger PIN: 823-632-055
INFO:werkzeug: * Detected change in 'C:\\Users\\m_faz\\OneDrive\\Documents\\GitHub\\MandyFazl-Portfolio\\PHM-Project\\PrOH-Modeller\\Pro-python\\Bracket.py', reloading
INFO:werkzeug: * Restarting with stat
WARNING:werkzeug: * Debugger is active!
INFO:werkzeug: * Debugger PIN: 823-632-055
INFO:werkzeug:127.0.0.1 - - [27/Feb/2024 09:19:25] "GET / HTTP/1.1" 200 -
INFO:root:CSV file saved successfully.
INFO:root:Uploaded filename: sipoc_table.csv
INFO:root:Uploaded filepath: uploads\sipoc_table_414f372d.csv
INFO:root:Filename without extension: sipoc_table_414f372d
INFO:root:looking for the filepath
INFO:root:Filename without extension: uploads\sipoc_table_414f372d
INFO:root:Uploaded filepath: uploads\sipoc_table_414f372d.csv
INFO:root:output_presentation is saved successfully.
INFO:root:output_presentation path: uploads\sipoc_table_414f372d.pptx
INFO:root:sipoc-to-pptx-4-Flask.py executed successfully.
INFO:root:Seperate_verbs.py :Input CSV file name.
INFO:root:output_file uploads\sipoc_table_414f372dverbs.csv
INFO:root:start to write verbs to the output CSV file
INFO:root:Verbs have been saved to  uploads\sipoc_table_414f372dverbs.csv
INFO:root:Seperate_verbs.py executed successfully.
INFO:root:Bracket.py executed successfully.
INFO:werkzeug:127.0.0.1 - - [27/Feb/2024 09:19:41] "POST /upload HTTP/1.1" 200 -
INFO:root:PowerPoint file downloaded successfully.
INFO:werkzeug:127.0.0.1 - - [27/Feb/2024 09:19:43] "GET /download_pptx HTTP/1.1" 200 -
INFO:root:Sub_bubbles file downloaded successfully.
INFO:werkzeug:127.0.0.1 - - [27/Feb/2024 09:19:43] "GET /download_Sub_bubbles HTTP/1.1" 200 -
INFO:root:Verbs csv file downloaded successfully.
INFO:werkzeug:127.0.0.1 - - [27/Feb/2024 09:19:44] "GET /download_verbs HTTP/1.1" 200 -
INFO:werkzeug: * Detected change in 'C:\\Users\\m_faz\\OneDrive\\Documents\\GitHub\\MandyFazl-Portfolio\\PHM-Project\\PrOH-Modeller\\Pro-python\\Bracket.py', reloading
INFO:werkzeug: * Restarting with stat
WARNING:werkzeug: * Debugger is active!
INFO:werkzeug: * Debugger PIN: 823-632-055
INFO:werkzeug: * Detected change in 'C:\\Users\\m_faz\\OneDrive\\Documents\\GitHub\\MandyFazl-Portfolio\\PHM-Project\\PrOH-Modeller\\Pro-python\\Bracket.py', reloading
INFO:werkzeug: * Restarting with stat
WARNING:werkzeug: * Debugger is active!
INFO:werkzeug: * Debugger PIN: 823-632-055
INFO:werkzeug:[31m[1mWARNING: This is a development server. Do not use it in a production deployment. Use a production WSGI server instead.[0m
 * Running on http://127.0.0.1:5000
INFO:werkzeug:[33mPress CTRL+C to quit[0m
INFO:werkzeug: * Restarting with stat
WARNING:werkzeug: * Debugger is active!
INFO:werkzeug: * Debugger PIN: 823-632-055
INFO:werkzeug:127.0.0.1 - - [27/Feb/2024 09:21:13] "GET / HTTP/1.1" 200 -
INFO:root:CSV file saved successfully.
INFO:root:Uploaded filename: sipoc_table3.xlsx
INFO:root:Uploaded filepath: uploads\sipoc_table3_0702cd72.xlsx
INFO:root:Filename without extension: sipoc_table3_0702cd72
INFO:root:looking for the filepath
INFO:root:Filename without extension: uploads\sipoc_table3_0702cd72
INFO:root:Uploaded filepath: uploads\sipoc_table3_0702cd72.xlsx
ERROR:root:An error occurred: 'charmap' codec can't decode byte 0x9d in position 54: character maps to <undefined>
INFO:root:sipoc-to-pptx-4-Flask.py executed successfully.
INFO:root:Seperate_verbs.py :Input CSV file name.
ERROR:root:An error occurred: 'charmap' codec can't decode byte 0x9d in position 54: character maps to <undefined>
INFO:root:Seperate_verbs.py executed successfully.
INFO:root:Bracket.py executed successfully.
INFO:werkzeug:127.0.0.1 - - [27/Feb/2024 09:21:26] "POST /upload HTTP/1.1" 200 -
INFO:werkzeug:127.0.0.1 - - [27/Feb/2024 09:21:45] "GET / HTTP/1.1" 200 -
INFO:root:CSV file saved successfully.
INFO:root:Uploaded filename: sipoc_table2.csv
INFO:root:Uploaded filepath: uploads\sipoc_table2_1f31ec2a.csv
INFO:root:Filename without extension: sipoc_table2_1f31ec2a
INFO:root:looking for the filepath
INFO:root:Filename without extension: uploads\sipoc_table2_1f31ec2a
INFO:root:Uploaded filepath: uploads\sipoc_table2_1f31ec2a.csv
INFO:root:output_presentation is saved successfully.
INFO:root:output_presentation path: uploads\sipoc_table2_1f31ec2a.pptx
INFO:root:sipoc-to-pptx-4-Flask.py executed successfully.
INFO:root:Seperate_verbs.py :Input CSV file name.
INFO:root:output_file uploads\sipoc_table2_1f31ec2averbs.csv
INFO:root:start to write verbs to the output CSV file
INFO:root:Verbs have been saved to  uploads\sipoc_table2_1f31ec2averbs.csv
INFO:root:Seperate_verbs.py executed successfully.
INFO:root:Bracket.py executed successfully.
INFO:werkzeug:127.0.0.1 - - [27/Feb/2024 09:21:59] "POST /upload HTTP/1.1" 200 -
INFO:root:PowerPoint file downloaded successfully.
INFO:werkzeug:127.0.0.1 - - [27/Feb/2024 09:22:17] "GET /download_pptx HTTP/1.1" 200 -
INFO:root:Sub_bubbles file downloaded successfully.
INFO:werkzeug:127.0.0.1 - - [27/Feb/2024 09:22:19] "GET /download_Sub_bubbles HTTP/1.1" 200 -
INFO:root:Verbs csv file downloaded successfully.
INFO:werkzeug:127.0.0.1 - - [27/Feb/2024 09:22:20] "GET /download_verbs HTTP/1.1" 200 -
INFO:werkzeug: * Detected change in 'C:\\Users\\m_faz\\OneDrive\\Documents\\GitHub\\MandyFazl-Portfolio\\PHM-Project\\PrOH-Modeller\\Pro-python\\main.py', reloading
INFO:werkzeug: * Restarting with stat
WARNING:werkzeug: * Debugger is active!
INFO:werkzeug: * Debugger PIN: 823-632-055
