
2024-03-28 10:40:19,935 - INFO - Looking for the filepath
2024-03-28 10:40:19,935 - INFO - Filename without extension: uploads\make_car_d27a592c
2024-03-28 10:40:19,935 - INFO - Uploaded filepath: uploads\make_car_d27a592c.csv
2024-03-28 10:40:19,989 - INFO - Output presentation is saved successfully.
2024-03-28 10:40:19,989 - INFO - Output presentation path: uploads\make_car_d27a592c_combined.pptx
2024-03-28 10:40:37,495 - INFO - Looking for the filepath
2024-03-28 10:40:37,495 - INFO - Filename without extension: uploads\make_car_d27a592c
2024-03-28 10:40:37,495 - INFO - Uploaded filepath: uploads\make_car_d27a592c.csv
2024-03-28 10:40:37,560 - INFO - Output presentation is saved successfully.
2024-03-28 10:40:37,560 - INFO - Output presentation path: uploads\make_car_d27a592c_combined.pptx
2024-03-28 10:45:49,041 - INFO - Looking for the filepath
2024-03-28 10:45:49,041 - INFO - Filename without extension: uploads\make_car_d27a592c
2024-03-28 10:45:49,041 - INFO - Uploaded filepath: uploads\make_car_d27a592c.csv
2024-03-28 10:45:49,088 - INFO - First script executed successfully.
2024-03-28 10:45:49,088 - INFO - Looking for the filepath
2024-03-28 10:45:49,088 - INFO - Filename without extension: uploads\make_car_d27a592c
2024-03-28 10:45:49,088 - INFO - Uploaded filepath: uploads\make_car_d27a592c.csv
2024-03-28 10:45:49,090 - INFO - Second script executed successfully.
2024-03-28 10:45:49,123 - INFO - Output presentation is saved successfully.
2024-03-28 10:45:49,124 - INFO - Output presentation path: uploads\make_car_d27a592c_output.pptx
