2024-03-28 11:34:49,197 - INFO - Processing Script 1
2024-03-28 11:34:49,197 - INFO - Filename without extension: uploads\make_car_d27a592c
2024-03-28 11:34:49,197 - INFO - Uploaded filepath: uploads\make_car_d27a592c.csv
2024-03-28 11:34:49,282 - INFO - Output presentation saved successfully.
2024-03-28 11:34:49,282 - INFO - Output presentation path: uploads\make_car_d27a592c.pptx
2024-03-28 11:34:49,282 - INFO - Processing Script 2
2024-03-28 11:34:49,282 - INFO - Filename without extension: uploads\make_car_d27a592c
2024-03-28 11:39:06,898 - INFO - Processing Script 1
2024-03-28 11:39:06,898 - INFO - Filename without extension: uploads\make_car_d27a592c
2024-03-28 11:39:06,898 - INFO - Uploaded filepath: uploads\make_car_d27a592c.csv
2024-03-28 11:39:06,976 - INFO - Output presentation saved successfully.
2024-03-28 11:39:06,976 - INFO - Output presentation path: uploads\make_car_d27a592c.pptx
2024-03-28 11:39:06,976 - INFO - Processing Script 2
2024-03-28 11:39:06,976 - INFO - Filename without extension: uploads\make_car_d27a592c
2024-03-28 11:45:37,878 - INFO - Processing Script 1
2024-03-28 11:45:37,878 - INFO - Filename without extension: uploads\make_car_d27a592c
2024-03-28 11:45:37,878 - INFO - Uploaded filepath: uploads\make_car_d27a592c.csv
2024-03-28 11:45:38,001 - INFO - Output presentation saved successfully.
2024-03-28 11:45:38,015 - INFO - Output presentation path: uploads\make_car_d27a592c.pptx
2024-03-28 11:45:38,015 - INFO - Processing Script 2
2024-03-28 11:45:38,015 - INFO - Filename without extension: uploads\make_car_d27a592c
2024-03-28 11:50:17,866 - INFO - Processing Script 1
2024-03-28 11:50:17,866 - INFO - Filename without extension: uploads\make_car_d27a592c
2024-03-28 11:50:17,866 - INFO - Uploaded filepath: uploads\make_car_d27a592c.csv
2024-03-28 11:50:17,960 - INFO - Output presentation saved successfully.
2024-03-28 11:50:17,960 - INFO - Output presentation path: uploads\make_car_d27a592c.pptx
2024-03-28 11:50:17,960 - INFO - Processing Script 2
2024-03-28 11:50:17,960 - INFO - Filename without extension: uploads\make_car_d27a592c
2024-03-28 11:50:17,960 - INFO - Uploaded filepath: uploads\make_car_d27a592c.csv
2024-03-28 11:50:18,033 - INFO - Output presentation saved successfully.
2024-03-28 11:50:18,033 - INFO - Output presentation path: uploads\make_car_d27a592c_decision-bubbles.pptx
2024-03-28 11:57:15,324 - INFO - Processing Script 1
2024-03-28 11:57:15,324 - INFO - Filename without extension: uploads\make_car_d27a592c
2024-03-28 11:57:15,324 - INFO - Uploaded filepath: uploads\make_car_d27a592c.csv
2024-03-28 11:57:15,389 - INFO - Script 1 processed successfully.
2024-03-28 11:57:15,389 - INFO - Processing Script 2
2024-03-28 11:57:15,389 - INFO - Filename without extension: uploads\make_car_d27a592c
2024-03-28 11:57:15,389 - INFO - Uploaded filepath: uploads\make_car_d27a592c.csv
2024-03-28 11:57:15,403 - INFO - Script 2 processed successfully.
2024-03-28 11:57:15,432 - INFO - Combined output presentation saved successfully.
2024-03-28 11:57:35,115 - INFO - Processing Script 1
2024-03-28 11:57:35,115 - INFO - Filename without extension: uploads\make_car_d27a592c
2024-03-28 11:57:35,115 - INFO - Uploaded filepath: uploads\make_car_d27a592c.csv
2024-03-28 11:57:35,162 - INFO - Script 1 processed successfully.
2024-03-28 11:57:35,162 - INFO - Processing Script 2
2024-03-28 11:57:35,162 - INFO - Filename without extension: uploads\make_car_d27a592c
2024-03-28 11:57:35,162 - INFO - Uploaded filepath: uploads\make_car_d27a592c.csv
2024-03-28 11:57:35,162 - INFO - Script 2 processed successfully.
2024-03-28 11:57:35,197 - INFO - Combined output presentation saved successfully.
2024-03-28 11:58:09,057 - INFO - Processing Script 1
2024-03-28 11:58:09,057 - INFO - Filename without extension: uploads\make_car_d27a592c
2024-03-28 11:58:09,057 - INFO - Uploaded filepath: uploads\make_car_d27a592c.csv
2024-03-28 11:58:09,121 - INFO - Script 1 processed successfully.
2024-03-28 11:58:09,121 - INFO - Processing Script 2
2024-03-28 11:58:09,121 - INFO - Filename without extension: uploads\make_car_d27a592c
2024-03-28 11:58:09,121 - INFO - Uploaded filepath: uploads\make_car_d27a592c.csv
2024-03-28 11:58:09,137 - INFO - Script 2 processed successfully.
2024-03-28 11:58:09,157 - INFO - Combined output presentation saved successfully.
2024-03-28 12:48:32,557 - INFO - Processing Script 1
2024-03-28 12:48:32,557 - INFO - Filename without extension: uploads\make_car_d27a592c
2024-03-28 12:48:32,557 - INFO - Uploaded filepath: uploads\make_car_d27a592c.csv
2024-03-28 12:48:32,655 - INFO - Script 1 executed successfully.
2024-03-28 12:48:32,656 - INFO - Processing Script 2
2024-03-28 12:48:32,656 - INFO - Filename without extension: uploads\make_car_d27a592c
2024-03-28 12:48:32,656 - INFO - Uploaded filepath: uploads\make_car_d27a592c.csv
2024-03-28 12:48:32,668 - INFO - Script 2 executed successfully.
2024-03-28 12:48:32,700 - INFO - Combined presentation saved successfully: uploads\make_car_d27a592c_combined.pptx
2024-03-28 12:56:06,424 - INFO - Processing Script 1
2024-03-28 12:56:06,424 - INFO - Filename without extension: uploads\make_car_d27a592c
2024-03-28 12:56:06,424 - INFO - Uploaded filepath: uploads\make_car_d27a592c.csv
2024-03-28 12:56:06,487 - INFO - Script 1 executed successfully.
2024-03-28 12:56:06,487 - INFO - Processing Script 2
2024-03-28 12:56:06,487 - INFO - Filename without extension: uploads\make_car_d27a592c
2024-03-28 12:56:06,487 - INFO - Uploaded filepath: uploads\make_car_d27a592c.csv
2024-03-28 12:56:06,503 - INFO - Script 2 executed successfully.
2024-03-28 12:56:26,109 - INFO - Processing Script 1
2024-03-28 12:56:26,109 - INFO - Filename without extension: uploads\make_car_d27a592c
2024-03-28 12:56:26,109 - INFO - Uploaded filepath: uploads\make_car_d27a592c.csv
2024-03-28 12:56:26,187 - INFO - Script 1 executed successfully.
2024-03-28 12:56:26,187 - INFO - Processing Script 2
2024-03-28 12:56:26,187 - INFO - Filename without extension: uploads\make_car_d27a592c
2024-03-28 12:56:26,187 - INFO - Uploaded filepath: uploads\make_car_d27a592c.csv
2024-03-28 12:56:26,200 - INFO - Script 2 executed successfully.
2024-03-28 12:56:26,240 - INFO - Combined presentation saved successfully: uploads\make_car_d27a592c_combined.pptx
2024-03-28 13:02:33,757 - INFO - Processing Script 1
2024-03-28 13:02:33,757 - INFO - Filename without extension: uploads\make_car_d27a592c
2024-03-28 13:02:33,757 - INFO - Uploaded filepath: uploads\make_car_d27a592c.csv
2024-03-28 13:02:33,804 - INFO - Script 1 executed successfully.
2024-03-28 13:02:33,804 - INFO - Processing Script 2
2024-03-28 13:02:33,804 - INFO - Filename without extension: uploads\make_car_d27a592c
2024-03-28 13:02:33,804 - INFO - Uploaded filepath: uploads\make_car_d27a592c.csv
2024-03-28 13:02:33,820 - INFO - Script 2 executed successfully.
2024-03-28 13:02:33,839 - INFO - Combined presentation saved successfully: uploads\make_car_d27a592c_combined.pptx
2024-03-28 13:02:46,256 - INFO - Processing Script 1
2024-03-28 13:02:46,256 - INFO - Filename without extension: uploads\make_car_d27a592c
2024-03-28 13:02:46,256 - INFO - Uploaded filepath: uploads\make_car_d27a592c.csv
2024-03-28 13:02:46,328 - INFO - Script 1 executed successfully.
2024-03-28 13:02:46,328 - INFO - Processing Script 2
2024-03-28 13:02:46,343 - INFO - Filename without extension: uploads\make_car_d27a592c
2024-03-28 13:02:46,343 - INFO - Uploaded filepath: uploads\make_car_d27a592c.csv
2024-03-28 13:02:46,345 - INFO - Script 2 executed successfully.
2024-03-28 13:02:46,375 - INFO - Combined presentation saved successfully: uploads\make_car_d27a592c_combined.pptx
2024-03-28 13:04:41,822 - INFO - Processing Script 1
2024-03-28 13:04:41,822 - INFO - Filename without extension: uploads\make_car_d27a592c
2024-03-28 13:04:41,822 - INFO - Uploaded filepath: uploads\make_car_d27a592c.csv
2024-03-28 13:04:41,882 - INFO - Script 1 executed successfully.
2024-03-28 13:04:41,882 - INFO - Processing Script 2
2024-03-28 13:04:41,882 - INFO - Filename without extension: uploads\make_car_d27a592c
2024-03-28 13:04:41,882 - INFO - Uploaded filepath: uploads\make_car_d27a592c.csv
2024-03-28 13:04:41,892 - INFO - Script 2 executed successfully.
2024-03-28 13:04:41,907 - INFO - Combined presentation saved successfully: uploads\make_car_d27a592c_combined.pptx
2024-03-28 13:10:15,311 - INFO - Processing Script 1
2024-03-28 13:10:15,311 - INFO - Filename without extension: uploads\make_car_d27a592c
2024-03-28 13:10:15,327 - INFO - Uploaded filepath: uploads\make_car_d27a592c.csv
2024-03-28 13:10:15,374 - INFO - Script 1 executed successfully.
2024-03-28 13:10:15,374 - INFO - Processing Script 2
2024-03-28 13:10:15,374 - INFO - Filename without extension: uploads\make_car_d27a592c
2024-03-28 13:10:15,374 - INFO - Uploaded filepath: uploads\make_car_d27a592c.csv
2024-03-28 13:10:15,374 - INFO - Script 2 executed successfully.
2024-03-28 13:10:15,374 - INFO - Filename without extension: uploads\make_car_d27a592c
2024-03-28 13:10:15,374 - INFO - Uploaded filepath: uploads\make_car_d27a592c.csv
2024-03-28 13:10:15,469 - INFO - output_presentation is saved successfully.
2024-03-28 13:10:15,469 - INFO - output_presentation path: uploads\make_car_d27a592c_non-cp-statement.pptx
2024-03-28 13:10:15,490 - INFO - Combined presentation saved successfully: uploads\make_car_d27a592c_combined.pptx
2024-03-28 13:35:17,242 - INFO - Processing Script 1
2024-03-28 13:35:17,242 - INFO - Filename without extension: uploads\make_car_d27a592c
2024-03-28 13:35:17,242 - INFO - Uploaded filepath: uploads\make_car_d27a592c.csv
2024-03-28 13:35:17,289 - INFO - Script 1 executed successfully.
2024-03-28 13:35:17,289 - INFO - Processing Script 2
2024-03-28 13:35:17,289 - INFO - Filename without extension: uploads\make_car_d27a592c
2024-03-28 13:35:17,289 - INFO - Uploaded filepath: uploads\make_car_d27a592c.csv
2024-03-28 13:35:17,305 - INFO - Script 2 executed successfully.
2024-03-28 13:35:17,305 - INFO - Processing Script 3
2024-03-28 13:35:17,305 - INFO - Filename without extension: uploads\make_car_d27a592c
2024-03-28 13:35:17,305 - INFO - Uploaded filepath: uploads\make_car_d27a592c.csv
2024-03-28 13:35:17,305 - INFO - Script 3 executed successfully.
2024-03-28 13:35:17,336 - INFO - Combined presentation saved successfully: uploads\make_car_d27a592c_combined.pptx
2024-03-28 14:07:00,434 - INFO - Processing Script 1
2024-03-28 14:07:00,434 - INFO - Filename without extension: uploads\make_car_d27a592c
2024-03-28 14:07:00,435 - INFO - Uploaded filepath: uploads\make_car_d27a592c.csv
2024-03-28 14:07:00,477 - INFO - Script 1 executed successfully.
2024-03-28 14:07:00,478 - INFO - Processing Script 2
2024-03-28 14:07:00,478 - INFO - Filename without extension: uploads\make_car_d27a592c
2024-03-28 14:07:00,478 - INFO - Uploaded filepath: uploads\make_car_d27a592c.csv
2024-03-28 14:07:00,484 - INFO - Script 2 executed successfully.
2024-03-28 14:07:00,484 - INFO - Processing Script 3
2024-03-28 14:07:00,484 - INFO - looking for the filepath
2024-03-28 14:07:00,485 - INFO - Filename without extension: uploads\make_car_d27a592c
2024-03-28 14:07:00,485 - INFO - Uploaded filepath: uploads\make_car_d27a592c.csv
2024-03-28 14:07:00,536 - INFO - output_presentation is saved successfully.
2024-03-28 14:07:00,536 - INFO - output_presentation path: uploads\make_car_d27a592c_non-cp-statement.pptx
2024-03-28 14:07:15,747 - INFO - Processing Script 1
2024-03-28 14:07:15,747 - INFO - Filename without extension: uploads\make_car_d27a592c
2024-03-28 14:07:15,747 - INFO - Uploaded filepath: uploads\make_car_d27a592c.csv
2024-03-28 14:07:15,769 - INFO - Script 1 executed successfully.
2024-03-28 14:07:15,785 - INFO - Processing Script 2
2024-03-28 14:07:15,785 - INFO - Filename without extension: uploads\make_car_d27a592c
2024-03-28 14:07:15,785 - INFO - Uploaded filepath: uploads\make_car_d27a592c.csv
2024-03-28 14:07:15,785 - INFO - Script 2 executed successfully.
2024-03-28 14:07:15,785 - INFO - Processing Script 3
2024-03-28 14:07:15,785 - INFO - looking for the filepath
2024-03-28 14:07:15,785 - INFO - Filename without extension: uploads\make_car_d27a592c
2024-03-28 14:07:15,785 - INFO - Uploaded filepath: uploads\make_car_d27a592c.csv
2024-03-28 14:07:15,832 - INFO - output_presentation is saved successfully.
2024-03-28 14:07:15,832 - INFO - output_presentation path: uploads\make_car_d27a592c_non-cp-statement.pptx
2024-03-28 14:07:15,853 - INFO - Combined presentation saved successfully: uploads\make_car_d27a592c_combined.pptx
2024-03-28 14:08:03,742 - INFO - Processing Script 1
2024-03-28 14:08:03,743 - INFO - Filename without extension: uploads\make_car_d27a592c
2024-03-28 14:08:03,743 - INFO - Uploaded filepath: uploads\make_car_d27a592c.csv
2024-03-28 14:08:03,778 - INFO - Script 1 executed successfully.
2024-03-28 14:08:03,779 - INFO - Processing Script 2
2024-03-28 14:08:03,779 - INFO - Filename without extension: uploads\make_car_d27a592c
2024-03-28 14:08:03,779 - INFO - Uploaded filepath: uploads\make_car_d27a592c.csv
2024-03-28 14:08:03,785 - INFO - Script 2 executed successfully.
2024-03-28 14:08:03,785 - INFO - Processing Script 3
2024-03-28 14:08:03,785 - INFO - Filename without extension: uploads\make_car_d27a592c
2024-03-28 14:08:03,786 - INFO - Uploaded filepath: uploads\make_car_d27a592c.csv
2024-03-28 14:08:03,790 - INFO - Script 3 executed successfully.
2024-03-28 14:08:03,805 - INFO - Combined presentation saved successfully: uploads\make_car_d27a592c_combined.pptx
2024-03-28 14:14:30,298 - INFO - Processing Script 1
2024-03-28 14:14:30,298 - INFO - Filename without extension: uploads\make_car_d27a592c
2024-03-28 14:14:30,298 - INFO - Uploaded filepath: uploads\make_car_d27a592c.csv
2024-03-28 14:14:30,330 - INFO - Script 1 executed successfully.
2024-03-28 14:14:30,330 - INFO - Processing Script 2
2024-03-28 14:14:30,330 - INFO - Filename without extension: uploads\make_car_d27a592c
2024-03-28 14:14:30,330 - INFO - Uploaded filepath: uploads\make_car_d27a592c.csv
2024-03-28 14:14:30,345 - INFO - Script 2 executed successfully.
2024-03-28 14:14:30,345 - INFO - Processing Script 3
2024-03-28 14:14:30,345 - INFO - Filename without extension: uploads\make_car_d27a592c
2024-03-28 14:14:30,345 - INFO - Uploaded filepath: uploads\make_car_d27a592c.csv
2024-03-28 14:14:30,377 - INFO - output_presentation is saved successfully.
2024-03-28 14:14:30,377 - INFO - output_presentation path: uploads\make_car_d27a592c_non-cp-statement.pptx
2024-03-28 14:14:30,413 - INFO - Combined presentation saved successfully: uploads\make_car_d27a592c_combined.pptx
2024-03-28 14:19:25,056 - INFO - Processing Script 1
2024-03-28 14:19:25,072 - INFO - Filename without extension: uploads\make_car_d27a592c
2024-03-28 14:19:25,072 - INFO - Uploaded filepath: uploads\make_car_d27a592c.csv
2024-03-28 14:19:25,103 - INFO - Script 1 executed successfully.
2024-03-28 14:19:25,103 - INFO - Processing Script 3
2024-03-28 14:19:25,103 - INFO - Filename without extension: uploads\make_car_d27a592c
2024-03-28 14:19:25,103 - INFO - Uploaded filepath: uploads\make_car_d27a592c.csv
2024-03-28 14:19:25,134 - INFO - output_presentation is saved successfully.
2024-03-28 14:19:25,134 - INFO - output_presentation path: uploads\make_car_d27a592c_non-cp-statement.pptx
2024-03-28 14:19:25,150 - INFO - Processing Script 2
2024-03-28 14:19:25,150 - INFO - Filename without extension: uploads\make_car_d27a592c
2024-03-28 14:19:25,150 - INFO - Uploaded filepath: uploads\make_car_d27a592c.csv
2024-03-28 14:19:25,150 - INFO - Script 2 executed successfully.
2024-03-28 14:31:40,065 - INFO - Processing Script 1
2024-03-28 14:31:40,065 - INFO - Filename without extension: uploads\make_car_d27a592c
2024-03-28 14:31:40,065 - INFO - Uploaded filepath: uploads\make_car_d27a592c.csv
2024-03-28 14:31:40,110 - INFO - Script 1 executed successfully.
2024-03-28 14:31:40,110 - INFO - Processing Script 3
2024-03-28 14:31:40,110 - INFO - Filename without extension: uploads\make_car_d27a592c
2024-03-28 14:31:40,110 - INFO - Uploaded filepath: uploads\make_car_d27a592c.csv
2024-03-28 14:31:40,157 - INFO - output_presentation is saved successfully.
2024-03-28 14:31:40,157 - INFO - output_presentation path: uploads\make_car_d27a592c_non-cp-statement.pptx
2024-03-28 14:31:40,157 - INFO - Processing script3
2024-03-28 14:31:40,157 - INFO - Filename without extension: uploads\make_car_d27a592c
2024-03-28 14:31:40,157 - INFO - Uploaded filepath: uploads\make_car_d27a592c.csv
2024-03-28 14:31:40,165 - INFO - script3 executed successfully.
2024-03-28 14:31:40,185 - INFO - Combined presentation saved successfully: uploads\make_car_d27a592c_combined.pptx
2024-03-28 14:36:34,760 - INFO - Processing Script 1
2024-03-28 14:36:34,760 - INFO - Filename without extension: uploads\make_car_d27a592c
2024-03-28 14:36:34,761 - INFO - Uploaded filepath: uploads\make_car_d27a592c.csv
2024-03-28 14:36:34,784 - INFO - Script 1 executed successfully.
2024-03-28 14:36:34,784 - INFO - Processing Script 3
2024-03-28 14:36:34,784 - INFO - Filename without extension: uploads\make_car_d27a592c
2024-03-28 14:36:34,784 - INFO - Uploaded filepath: uploads\make_car_d27a592c.csv
2024-03-28 14:36:34,832 - INFO - output_presentation is saved successfully.
2024-03-28 14:36:34,832 - INFO - output_presentation path: uploads\make_car_d27a592c_non-cp-statement.pptx
2024-03-28 14:36:34,832 - INFO - Processing script3
2024-03-28 14:36:34,832 - INFO - Filename without extension: uploads\make_car_d27a592c
2024-03-28 14:36:34,832 - INFO - Uploaded filepath: uploads\make_car_d27a592c.csv
2024-03-28 14:36:34,832 - INFO - script3 executed successfully.
2024-03-28 14:36:34,832 - INFO - Processing Script 4
2024-03-28 14:36:34,832 - INFO - Filename without extension: uploads\make_car_d27a592c
2024-03-28 14:36:34,832 - INFO - Uploaded filepath: uploads\make_car_d27a592c.csv
2024-03-28 14:36:34,848 - INFO - Script 4 executed successfully.
2024-03-28 14:36:44,663 - INFO - Processing Script 1
2024-03-28 14:36:44,663 - INFO - Filename without extension: uploads\make_car_d27a592c
2024-03-28 14:36:44,663 - INFO - Uploaded filepath: uploads\make_car_d27a592c.csv
2024-03-28 14:36:44,694 - INFO - Script 1 executed successfully.
2024-03-28 14:36:44,694 - INFO - Processing Script 3
2024-03-28 14:36:44,694 - INFO - Filename without extension: uploads\make_car_d27a592c
2024-03-28 14:36:44,694 - INFO - Uploaded filepath: uploads\make_car_d27a592c.csv
2024-03-28 14:36:44,738 - INFO - output_presentation is saved successfully.
2024-03-28 14:36:44,738 - INFO - output_presentation path: uploads\make_car_d27a592c_non-cp-statement.pptx
2024-03-28 14:36:44,738 - INFO - Processing script3
2024-03-28 14:36:44,738 - INFO - Filename without extension: uploads\make_car_d27a592c
2024-03-28 14:36:44,738 - INFO - Uploaded filepath: uploads\make_car_d27a592c.csv
2024-03-28 14:36:44,741 - INFO - script3 executed successfully.
2024-03-28 14:36:44,741 - INFO - Processing Script 4
2024-03-28 14:36:44,741 - INFO - Filename without extension: uploads\make_car_d27a592c
2024-03-28 14:36:44,741 - INFO - Uploaded filepath: uploads\make_car_d27a592c.csv
2024-03-28 14:36:44,741 - INFO - Script 4 executed successfully.
2024-03-28 14:36:44,764 - INFO - Combined presentation saved successfully: uploads\make_car_d27a592c_combined.pptx
2024-03-28 14:41:40,467 - INFO - Processing Script 1
2024-03-28 14:41:40,467 - INFO - Filename without extension: uploads\make_car_d27a592c
2024-03-28 14:41:40,467 - INFO - Uploaded filepath: uploads\make_car_d27a592c.csv
2024-03-28 14:41:40,501 - INFO - Script 1 executed successfully.
2024-03-28 14:41:40,502 - INFO - Processing Script 3
2024-03-28 14:41:40,502 - INFO - Filename without extension: uploads\make_car_d27a592c
2024-03-28 14:41:40,502 - INFO - Uploaded filepath: uploads\make_car_d27a592c.csv
2024-03-28 14:41:40,547 - INFO - output_presentation is saved successfully.
2024-03-28 14:41:40,547 - INFO - output_presentation path: uploads\make_car_d27a592c_non-cp-statement.pptx
2024-03-28 14:41:40,548 - INFO - Processing script3
2024-03-28 14:41:40,548 - INFO - Filename without extension: uploads\make_car_d27a592c
2024-03-28 14:41:40,548 - INFO - Uploaded filepath: uploads\make_car_d27a592c.csv
2024-03-28 14:41:40,553 - INFO - script3 executed successfully.
2024-03-28 14:41:40,553 - INFO - Processing script4
2024-03-28 14:41:40,553 - INFO - Filename without extension: uploads\make_car_d27a592c
2024-03-28 14:41:40,553 - INFO - Uploaded filepath: uploads\make_car_d27a592c.csv
2024-03-28 14:41:40,553 - ERROR - An error occurred: [Errno 2] No such file or directory: 'uploads\\make_car_d27a592c_subbubbles.csv'
2024-03-28 14:41:40,553 - INFO - Combined presentation saved successfully: uploads\make_car_d27a592c_combined.pptx
2024-03-28 14:44:55,509 - INFO - Processing Script 1
2024-03-28 14:44:55,509 - INFO - Filename without extension: uploads\make_car_d27a592c
2024-03-28 14:44:55,509 - INFO - Uploaded filepath: uploads\make_car_d27a592c.csv
2024-03-28 14:44:55,548 - INFO - Script 1 executed successfully.
2024-03-28 14:44:55,548 - INFO - Processing Script 3
2024-03-28 14:44:55,548 - INFO - Filename without extension: uploads\make_car_d27a592c
2024-03-28 14:44:55,548 - INFO - Uploaded filepath: uploads\make_car_d27a592c.csv
2024-03-28 14:44:55,594 - INFO - output_presentation is saved successfully.
2024-03-28 14:44:55,595 - INFO - output_presentation path: uploads\make_car_d27a592c_non-cp-statement.pptx
2024-03-28 14:44:55,595 - INFO - Processing script3
2024-03-28 14:44:55,596 - INFO - Filename without extension: uploads\make_car_d27a592c
2024-03-28 14:44:55,596 - INFO - Uploaded filepath: uploads\make_car_d27a592c.csv
2024-03-28 14:44:55,602 - INFO - script3 executed successfully.
2024-03-28 14:49:40,427 - ERROR - An error occurred: expected str, bytes or os.PathLike object, not Presentation
2024-03-28 14:49:40,427 - INFO - Processing Script 1
2024-03-28 14:49:40,427 - INFO - Filename without extension: uploads\make_car_d27a592c
2024-03-28 14:49:40,427 - INFO - Uploaded filepath: uploads\make_car_d27a592c.csv
2024-03-28 14:49:40,459 - INFO - Script 1 executed successfully.
2024-03-28 14:49:40,459 - INFO - Processing Script 3
2024-03-28 14:49:40,459 - INFO - Filename without extension: uploads\make_car_d27a592c
2024-03-28 14:49:40,459 - INFO - Uploaded filepath: uploads\make_car_d27a592c.csv
2024-03-28 14:49:40,490 - INFO - output_presentation is saved successfully.
2024-03-28 14:49:40,490 - INFO - output_presentation path: uploads\make_car_d27a592c_non-cp-statement.pptx
2024-03-28 14:49:40,490 - INFO - Processing script3
2024-03-28 14:49:40,490 - INFO - Filename without extension: uploads\make_car_d27a592c
2024-03-28 14:49:40,490 - INFO - Uploaded filepath: uploads\make_car_d27a592c.csv
2024-03-28 14:49:40,506 - INFO - script3 executed successfully.
2024-03-28 14:49:40,506 - ERROR - An error occurred: expected str, bytes or os.PathLike object, not Presentation
2024-03-28 14:49:40,522 - INFO - Combined presentation saved successfully: uploads\make_car_d27a592c_combined.pptx
