start

2024-02-27 12:21:17,798 - INFO - start try
2024-02-27 12:21:17,798 - INFO - Bracket.py :Input CSV file name.
2024-02-27 12:21:17,798 - INFO - output_file uploads\sipoc_table2_517ef519SubBubbles.csv
2024-02-27 12:21:17,798 - INFO - start to write cells with parentheses to the output CSV file
2024-02-27 12:21:17,798 - INFO - Cells with parentheses have been saved to 'uploads\sipoc_table2_517ef519SubBubbles.csv'
2024-02-27 12:21:17,813 - INFO - start to write words between parentheses to the output CSV file
2024-02-27 12:21:17,813 - INFO - Words between parentheses have been saved to 'uploads\sipoc_table2_517ef519SubBubbles.csv'
2024-02-27 12:24:05,828 - INFO - start try
2024-02-27 12:24:05,828 - INFO - Bracket.py :Input CSV file name.
2024-02-27 12:24:05,828 - INFO - filename_with_identifier: uploads\sipoc_table2_08aa84fb.csv
2024-02-27 12:24:05,828 - INFO - filename_without_extension: uploads\sipoc_table2_08aa84fb
2024-02-27 12:24:05,828 - INFO - file_path: uploads\sipoc_table2_08aa84fb.csv
2024-02-27 12:24:05,828 - INFO - output_file uploads\sipoc_table2_08aa84fbSubBubbles.csv
2024-02-27 12:24:05,828 - INFO - start to write cells with parentheses to the output CSV file
2024-02-27 12:24:05,843 - INFO - Cells with parentheses have been saved to 'uploads\sipoc_table2_08aa84fbSubBubbles.csv'
2024-02-27 12:24:05,843 - INFO - start to write words between parentheses to the output CSV file
2024-02-27 12:24:05,843 - INFO - Words between parentheses have been saved to 'uploads\sipoc_table2_08aa84fbSubBubbles.csv'
2024-02-27 13:09:58,111 - INFO - start try
2024-02-27 13:09:58,111 - INFO - Bracket.py :Input CSV file name.
2024-02-27 13:09:58,111 - INFO - filename_with_identifier: uploads\sipoc_table-teeest_e4902279.csv
2024-02-27 13:09:58,111 - INFO - filename_without_extension: uploads\sipoc_table-teeest_e4902279
2024-02-27 13:09:58,111 - INFO - file_path: uploads\uploads\sipoc_table-teeest_e4902279.csv
2024-02-27 13:09:58,111 - ERROR - An error occurred: [Errno 2] No such file or directory: 'uploads\\uploads\\sipoc_table-teeest_e4902279.csv'
2024-02-27 14:36:25,703 - INFO - start try
2024-02-27 14:36:25,717 - INFO - Bracket.py :Input CSV file name.
2024-02-27 14:36:25,718 - INFO - filename_with_identifier: uploads\sipoc_table-teeest_f40fd9a3.csv
2024-02-27 14:36:25,718 - INFO - filename_without_extension: uploads\sipoc_table-teeest_f40fd9a3
2024-02-27 14:36:25,718 - INFO - file_path: uploads\uploads\sipoc_table-teeest_f40fd9a3.csv
2024-02-27 14:36:25,718 - ERROR - An error occurred: [Errno 2] No such file or directory: 'uploads\\uploads\\sipoc_table-teeest_f40fd9a3.csv'
2024-02-27 15:24:06,663 - INFO - start try
2024-02-27 15:24:06,663 - INFO - Bracket.py :Input CSV file name.
2024-02-27 15:24:06,663 - INFO - filename_with_identifier: uploads\sipoc_table3_10216ee1.xlsx
2024-02-27 15:24:06,663 - INFO - filename_without_extension: uploads\sipoc_table3_10216ee1
2024-02-27 15:24:06,663 - INFO - file_path: uploads\uploads\sipoc_table3_10216ee1.xlsx
2024-02-27 15:24:06,663 - ERROR - An error occurred: [Errno 2] No such file or directory: 'uploads\\uploads\\sipoc_table3_10216ee1.xlsx'
2024-02-27 15:24:50,283 - INFO - start try
2024-02-27 15:24:50,283 - INFO - Bracket.py :Input CSV file name.
2024-02-27 15:24:50,283 - INFO - filename_with_identifier: uploads\sipoc_table-teeest_4c671cb3.csv
2024-02-27 15:24:50,283 - INFO - filename_without_extension: uploads\sipoc_table-teeest_4c671cb3
2024-02-27 15:24:50,283 - INFO - file_path: uploads\uploads\sipoc_table-teeest_4c671cb3.csv
2024-02-27 15:24:50,283 - ERROR - An error occurred: [Errno 2] No such file or directory: 'uploads\\uploads\\sipoc_table-teeest_4c671cb3.csv'
2024-02-29 13:49:53,503 - INFO - start try
2024-02-29 13:49:53,505 - INFO - Bracket.py :Input CSV file name.
2024-02-29 13:49:53,505 - INFO - Bracket.py :Input CSV file name.
2024-02-29 13:49:53,505 - INFO - Bracket.py :Input CSV file name.
2024-02-29 13:49:53,505 - INFO - filename_with_identifier: uploads\Sipoc-Table-Template_34d106ad.csv
2024-02-29 13:49:53,505 - INFO - filename_with_identifier: uploads\Sipoc-Table-Template_1e61485d.csv
2024-02-29 13:49:53,505 - INFO - filename_without_extension: uploads\Sipoc-Table-Template_1e61485d
2024-02-29 13:49:53,505 - INFO - file_path: uploads\uploads\Sipoc-Table-Template_34d106ad.csv
66a
2024-02-29 13:49:53,505 - INFO - file_path: uploads\uploads\Sipoc-Table-Template_1e61485d.csv
2024-02-29 13:49:53,505 - ERROR - An error occurred: [Errno 2] No such file or directory: 'uploads\\uploads\\Sipoc-Table-Template_34d106ad.csv'
2024-02-29 13:49:53,506 - ERROR - An error occurred: [Errno 2] No such file or directory: 'uploads\\uploads\\Sipoc-Table-Template_6185366a.csv'
2024-02-29 14:24:50,258 - INFO - start try
2024-02-29 14:24:50,258 - INFO - Bracket.py :Input CSV file name.
2024-02-29 14:24:50,258 - INFO - filename_with_identifier: uploads\Sipoc-Table-Template_b337623c.csv
2024-02-29 14:24:50,258 - INFO - filename_without_extension: uploads\Sipoc-Table-Template_b337623c
2024-02-29 14:24:50,258 - INFO - file_path: uploads\uploads\Sipoc-Table-Template_b337623c.csv
2024-02-29 14:24:50,258 - ERROR - An error occurred: [Errno 2] No such file or directory: 'uploads\\uploads\\Sipoc-Table-Template_b337623c.csv'
2024-02-29 14:25:01,509 - INFO - start try
2024-02-29 14:25:01,509 - INFO - Bracket.py :Input CSV file name.
2024-02-29 14:25:01,509 - INFO - filename_with_identifier: uploads\Sipoc-Table-Template_f16ea52a.csv
2024-02-29 14:25:01,509 - INFO - filename_without_extension: uploads\Sipoc-Table-Template_f16ea52a
2024-02-29 14:25:01,509 - INFO - file_path: uploads\uploads\Sipoc-Table-Template_f16ea52a.csv
2024-02-29 14:25:01,509 - ERROR - An error occurred: [Errno 2] No such file or directory: 'uploads\\uploads\\Sipoc-Table-Template_f16ea52a.csv'
2024-02-29 14:25:02,354 - INFO - start try
2024-02-29 14:25:02,354 - INFO - Bracket.py :Input CSV file name.
2024-02-29 14:25:02,354 - INFO - filename_with_identifier: uploads\Sipoc-Table-Template_837ac7ed.csv
2024-02-29 14:25:02,354 - INFO - filename_without_extension: uploads\Sipoc-Table-Template_837ac7ed
2024-02-29 14:25:02,354 - INFO - file_path: uploads\uploads\Sipoc-Table-Template_837ac7ed.csv
2024-02-29 14:25:02,354 - ERROR - An error occurred: [Errno 2] No such file or directory: 'uploads\\uploads\\Sipoc-Table-Template_837ac7ed.csv'
2024-02-29 14:28:37,617 - INFO - start try
2024-02-29 14:28:37,617 - INFO - Bracket.py :Input CSV file name.
2024-02-29 14:28:37,617 - INFO - filename_with_identifier: uploads\Sipoc-Table-Template_bdf9c936.csv
2024-02-29 14:28:37,617 - INFO - filename_without_extension: uploads\Sipoc-Table-Template_bdf9c936
2024-02-29 14:28:37,617 - INFO - file_path: uploads\uploads\Sipoc-Table-Template_bdf9c936.csv
2024-02-29 14:28:37,617 - ERROR - An error occurred: [Errno 2] No such file or directory: 'uploads\\uploads\\Sipoc-Table-Template_bdf9c936.csv'
2024-02-29 14:29:07,522 - INFO - start try
2024-02-29 14:29:07,522 - INFO - Bracket.py :Input CSV file name.
2024-02-29 14:29:07,522 - INFO - filename_with_identifier: uploads\Screenshot 2024-02-16 150809_3ec02a28.png
2024-02-29 14:29:07,522 - INFO - filename_without_extension: uploads\Screenshot 2024-02-16 150809_3ec02a28
2024-02-29 14:29:07,522 - INFO - file_path: uploads\uploads\Screenshot 2024-02-16 150809_3ec02a28.png
2024-02-29 14:29:07,522 - ERROR - An error occurred: [Errno 2] No such file or directory: 'uploads\\uploads\\Screenshot 2024-02-16 150809_3ec02a28.png'
2024-02-29 14:30:33,894 - INFO - start try
2024-02-29 14:30:33,894 - INFO - Bracket.py :Input CSV file name.
2024-02-29 14:30:33,894 - INFO - filename_with_identifier: uploads\Sipoc-Table-Template_20c29c59.csv
2024-02-29 14:30:33,894 - INFO - filename_without_extension: uploads\Sipoc-Table-Template_20c29c59
2024-02-29 14:30:33,894 - INFO - file_path: uploads\uploads\Sipoc-Table-Template_20c29c59.csv
2024-02-29 14:30:33,903 - ERROR - An error occurred: [Errno 2] No such file or directory: 'uploads\\uploads\\Sipoc-Table-Template_20c29c59.csv'
