2024-02-27 14:36:18,952 - INFO - looking for the filepath
2024-02-27 14:36:18,952 - INFO - Filename without extension: uploads\sipoc_table-teeest_f40fd9a3
2024-02-27 14:36:18,952 - INFO - Uploaded filepath: uploads\sipoc_table-teeest_f40fd9a3.csv
2024-02-27 14:36:19,393 - INFO - output_presentation is saved successfully.
2024-02-27 14:36:19,393 - INFO - output_presentation path: uploads\sipoc_table-teeest_f40fd9a3.pptx
2024-02-27 15:24:05,078 - INFO - looking for the filepath
2024-02-27 15:24:05,078 - INFO - Filename without extension: uploads\sipoc_table3_10216ee1
2024-02-27 15:24:05,078 - INFO - Uploaded filepath: uploads\sipoc_table3_10216ee1.xlsx
2024-02-27 15:24:46,854 - INFO - looking for the filepath
2024-02-27 15:24:46,854 - INFO - Filename without extension: uploads\sipoc_table-teeest_4c671cb3
2024-02-27 15:24:46,854 - INFO - Uploaded filepath: uploads\sipoc_table-teeest_4c671cb3.csv
2024-02-27 15:24:47,089 - INFO - output_presentation is saved successfully.
2024-02-27 15:24:47,089 - INFO - output_presentation path: uploads\sipoc_table-teeest_4c671cb3.pptx
2024-02-29 13:49:50,326 - INFO - looking for the filepath
2024-02-29 13:49:50,326 - INFO - Filename without extension: uploads\Sipoc-Table-Template_6185366a
2024-02-29 13:49:50,326 - INFO - looking for the filepath
\Sipoc-Table-Template_6185366a.csv
2024-02-29 13:49:50,326 - INFO - Filename without extension: uploads\Sipoc-Table-Template_34d106ad
2024-02-29 13:49:50,326 - INFO - Uploaded filepath: uploads\Sipoc-Table-Template_34d106ad.csv
2024-02-29 13:49:50,326 - INFO - looking for the filepath
2024-02-29 13:49:50,326 - INFO - Filename without extension: uploads\Sipoc-Table-Template_1e61485d
2024-02-29 13:49:50,326 - INFO - Uploaded filepath: uploads\Sipoc-Table-Template_1e61485d.csv
2024-02-29 13:49:50,670 - INFO - output_presentation is saved successfully.
2024-02-29 13:49:50,670 - INFO - output_presentation path: uploads\Sipoc-Table-Template_1e61485d.pptx
2024-02-29 13:49:50,685 - INFO - output_presentation is saved successfully.
2024-02-29 13:49:50,685 - INFO - output_presentation path: uploads\Sipoc-Table-Template_6185366a.pptx
2024-02-29 13:49:50,685 - INFO - output_presentation is saved successfully.
2024-02-29 13:49:50,685 - INFO - output_presentation path: uploads\Sipoc-Table-Template_34d106ad.pptx
2024-02-29 14:24:48,146 - INFO - looking for the filepath
2024-02-29 14:24:48,146 - INFO - Filename without extension: uploads\Sipoc-Table-Template_b337623c
2024-02-29 14:24:48,146 - INFO - Uploaded filepath: uploads\Sipoc-Table-Template_b337623c.csv
2024-02-29 14:24:48,381 - INFO - output_presentation is saved successfully.
2024-02-29 14:24:48,381 - INFO - output_presentation path: uploads\Sipoc-Table-Template_b337623c.pptx
2024-02-29 14:24:59,266 - INFO - looking for the filepath
2024-02-29 14:24:59,266 - INFO - Filename without extension: uploads\Sipoc-Table-Template_f16ea52a
2024-02-29 14:24:59,266 - INFO - Uploaded filepath: uploads\Sipoc-Table-Template_f16ea52a.csv
2024-02-29 14:24:59,585 - INFO - output_presentation is saved successfully.
2024-02-29 14:24:59,585 - INFO - output_presentation path: uploads\Sipoc-Table-Template_f16ea52a.pptx
2024-02-29 14:25:00,149 - INFO - looking for the filepath
2024-02-29 14:25:00,149 - INFO - Filename without extension: uploads\Sipoc-Table-Template_837ac7ed
2024-02-29 14:25:00,149 - INFO - Uploaded filepath: uploads\Sipoc-Table-Template_837ac7ed.csv
2024-02-29 14:25:00,431 - INFO - output_presentation is saved successfully.
2024-02-29 14:25:00,431 - INFO - output_presentation path: uploads\Sipoc-Table-Template_837ac7ed.pptx
2024-02-29 14:28:35,471 - INFO - looking for the filepath
2024-02-29 14:28:35,471 - INFO - Filename without extension: uploads\Sipoc-Table-Template_bdf9c936
2024-02-29 14:28:35,471 - INFO - Uploaded filepath: uploads\Sipoc-Table-Template_bdf9c936.csv
2024-02-29 14:28:35,722 - INFO - output_presentation is saved successfully.
2024-02-29 14:28:35,722 - INFO - output_presentation path: uploads\Sipoc-Table-Template_bdf9c936.pptx
2024-02-29 14:29:05,941 - INFO - looking for the filepath
2024-02-29 14:29:05,941 - INFO - Filename without extension: uploads\Screenshot 2024-02-16 150809_3ec02a28
2024-02-29 14:29:05,941 - INFO - Uploaded filepath: uploads\Screenshot 2024-02-16 150809_3ec02a28.png
2024-02-29 14:30:30,205 - INFO - looking for the filepath
2024-02-29 14:30:30,205 - INFO - Filename without extension: uploads\Sipoc-Table-Template_20c29c59
2024-02-29 14:30:30,205 - INFO - Uploaded filepath: uploads\Sipoc-Table-Template_20c29c59.csv
2024-02-29 14:30:30,581 - INFO - output_presentation is saved successfully.
2024-02-29 14:30:30,581 - INFO - output_presentation path: uploads\Sipoc-Table-Template_20c29c59.pptx
2024-02-29 14:56:43,298 - INFO - looking for the filepath
2024-02-29 14:56:43,298 - INFO - Filename without extension: uploads\Sipoc-Table-Template_b26dcfdb
2024-02-29 14:56:43,298 - INFO - Uploaded filepath: uploads\Sipoc-Table-Template_b26dcfdb.csv
2024-02-29 14:56:43,780 - INFO - output_presentation is saved successfully.
2024-02-29 14:56:43,780 - INFO - output_presentation path: uploads\Sipoc-Table-Template_b26dcfdb.pptx
2024-02-29 21:56:38,574 - INFO - looking for the filepath
2024-02-29 21:56:38,589 - INFO - Filename without extension: uploads\Sipoc-Table-Template_0d5804f1
2024-02-29 21:56:38,589 - INFO - Uploaded filepath: uploads\Sipoc-Table-Template_0d5804f1.csv
2024-02-29 21:56:38,936 - INFO - output_presentation is saved successfully.
2024-02-29 21:56:38,936 - INFO - output_presentation path: uploads\Sipoc-Table-Template_0d5804f1.pptx
2024-02-29 22:36:45,084 - INFO - looking for the filepath
2024-02-29 22:36:45,084 - INFO - Filename without extension: uploads\Sipoc-Table-Template_aae1f9dd
2024-02-29 22:36:45,084 - INFO - Uploaded filepath: uploads\Sipoc-Table-Template_aae1f9dd.csv
2024-02-29 22:36:45,530 - INFO - output_presentation is saved successfully.
2024-02-29 22:36:45,530 - INFO - output_presentation path: uploads\Sipoc-Table-Template_aae1f9dd.pptx
2024-02-29 22:37:11,663 - INFO - looking for the filepath
2024-02-29 22:37:11,663 - INFO - Filename without extension: uploads\Sipoc-Table-Template_2351d790
2024-02-29 22:37:11,663 - INFO - Uploaded filepath: uploads\Sipoc-Table-Template_2351d790.csv
2024-02-29 22:37:12,086 - INFO - output_presentation is saved successfully.
2024-02-29 22:37:12,102 - INFO - output_presentation path: uploads\Sipoc-Table-Template_2351d790.pptx
2024-03-01 11:51:56,587 - INFO - looking for the filepath
2024-03-01 11:51:56,587 - INFO - Filename without extension: uploads\Sipoc-Table-Template4_967066e3
2024-03-01 11:51:56,587 - INFO - Uploaded filepath: uploads\Sipoc-Table-Template4_967066e3.csv
2024-03-01 11:51:56,854 - INFO - output_presentation is saved successfully.
2024-03-01 11:51:56,855 - INFO - output_presentation path: uploads\Sipoc-Table-Template4_967066e3.pptx
2024-03-06 16:36:38,540 - INFO - looking for the filepath
2024-03-06 16:36:38,540 - INFO - Filename without extension: uploads\sipoc_table_ea89d110
2024-03-06 16:36:38,540 - INFO - Uploaded filepath: uploads\sipoc_table_ea89d110.csv
2024-03-06 16:36:39,090 - INFO - output_presentation is saved successfully.
2024-03-06 16:36:39,090 - INFO - output_presentation path: uploads\sipoc_table_ea89d110.pptx
2024-03-07 08:55:23,515 - INFO - looking for the filepath
2024-03-07 08:55:23,515 - INFO - Filename without extension: uploads\sipoc_table_92217438
2024-03-07 08:55:23,515 - INFO - Uploaded filepath: uploads\sipoc_table_92217438.csv
2024-03-07 08:55:23,828 - INFO - output_presentation is saved successfully.
2024-03-07 08:55:23,828 - INFO - output_presentation path: uploads\sipoc_table_92217438.pptx
2024-03-07 09:12:14,682 - INFO - looking for the filepath
2024-03-07 09:12:14,682 - INFO - Filename without extension: uploads\sipoc_table_30132b85
2024-03-07 09:12:14,682 - INFO - Uploaded filepath: uploads\sipoc_table_30132b85.csv
2024-03-07 09:12:14,901 - INFO - output_presentation is saved successfully.
2024-03-07 09:12:14,901 - INFO - output_presentation path: uploads\sipoc_table_30132b85.pptx
2024-03-07 09:46:05,709 - INFO - looking for the filepath
2024-03-07 09:46:05,709 - INFO - Filename without extension: uploads\sipoc_table_544295ad
2024-03-07 09:46:05,709 - INFO - Uploaded filepath: uploads\sipoc_table_544295ad.csv
2024-03-07 09:46:06,192 - INFO - output_presentation is saved successfully.
2024-03-07 09:46:06,199 - INFO - output_presentation path: uploads\sipoc_table_544295ad.pptx
2024-03-07 10:06:35,975 - INFO - looking for the filepath
2024-03-07 10:06:35,975 - INFO - Filename without extension: uploads\sipoc_table_7e04fca4
2024-03-07 10:06:35,979 - INFO - Uploaded filepath: uploads\sipoc_table_7e04fca4.csv
2024-03-07 10:06:36,505 - INFO - output_presentation is saved successfully.
2024-03-07 10:06:36,505 - INFO - output_presentation path: uploads\sipoc_table_7e04fca4.pptx
2024-03-07 10:12:07,133 - INFO - looking for the filepath
2024-03-07 10:12:07,133 - INFO - Filename without extension: uploads\sipoc_table_d84a7b1a
2024-03-07 10:12:07,133 - INFO - Uploaded filepath: uploads\sipoc_table_d84a7b1a.csv
2024-03-07 10:12:07,574 - INFO - output_presentation is saved successfully.
2024-03-07 10:12:07,574 - INFO - output_presentation path: uploads\sipoc_table_d84a7b1a.pptx
2024-03-07 10:16:35,346 - INFO - looking for the filepath
2024-03-07 10:16:35,346 - INFO - Filename without extension: uploads\sipoc_table_8478bc55
2024-03-07 10:16:35,346 - INFO - Uploaded filepath: uploads\sipoc_table_8478bc55.csv
2024-03-07 10:16:35,795 - INFO - output_presentation is saved successfully.
2024-03-07 10:16:35,795 - INFO - output_presentation path: uploads\sipoc_table_8478bc55.pptx
2024-03-07 10:20:52,014 - INFO - looking for the filepath
2024-03-07 10:20:52,014 - INFO - Filename without extension: uploads\sipoc_table_8539a431
2024-03-07 10:20:52,016 - INFO - Uploaded filepath: uploads\sipoc_table_8539a431.csv
2024-03-07 10:20:52,733 - INFO - output_presentation is saved successfully.
2024-03-07 10:20:52,733 - INFO - output_presentation path: uploads\sipoc_table_8539a431.pptx
2024-03-07 10:25:53,958 - INFO - looking for the filepath
2024-03-07 10:25:53,958 - INFO - Filename without extension: uploads\sipoc_table_8a2cbf5a
2024-03-07 10:25:53,958 - INFO - Uploaded filepath: uploads\sipoc_table_8a2cbf5a.csv
2024-03-07 10:25:54,393 - INFO - output_presentation is saved successfully.
2024-03-07 10:25:54,393 - INFO - output_presentation path: uploads\sipoc_table_8a2cbf5a.pptx
2024-03-07 11:22:18,551 - INFO - looking for the filepath
2024-03-07 11:22:18,551 - INFO - Filename without extension: uploads\sipoc_table_509d1ef0
2024-03-07 11:22:18,557 - INFO - Uploaded filepath: uploads\sipoc_table_509d1ef0.csv
2024-03-07 11:22:19,025 - INFO - output_presentation is saved successfully.
2024-03-07 11:22:19,025 - INFO - output_presentation path: uploads\sipoc_table_509d1ef0.pptx
2024-03-07 12:07:26,607 - INFO - looking for the filepath
2024-03-07 12:07:26,607 - INFO - Filename without extension: uploads\Excel-format_4b23ce93
2024-03-07 12:07:26,607 - INFO - Uploaded filepath: uploads\Excel-format_4b23ce93.csv
2024-03-07 12:07:26,984 - INFO - output_presentation is saved successfully.
2024-03-07 12:07:26,984 - INFO - output_presentation path: uploads\Excel-format_4b23ce93.pptx
2024-03-07 12:52:21,838 - INFO - looking for the filepath
2024-03-07 12:52:21,838 - INFO - Filename without extension: uploads\Excel-format_c903edda
2024-03-07 12:52:21,838 - INFO - Uploaded filepath: uploads\Excel-format_c903edda.csv
2024-03-07 12:52:22,297 - INFO - output_presentation is saved successfully.
2024-03-07 12:52:22,299 - INFO - output_presentation path: uploads\Excel-format_c903edda.pptx
2024-03-07 18:16:30,061 - INFO - looking for the filepath
2024-03-07 18:16:30,061 - INFO - Filename without extension: uploads\sipoc_table_67b0541b
2024-03-07 18:16:30,061 - INFO - Uploaded filepath: uploads\sipoc_table_67b0541b.csv
2024-03-07 18:16:30,391 - INFO - output_presentation is saved successfully.
2024-03-07 18:16:30,391 - INFO - output_presentation path: uploads\sipoc_table_67b0541b.pptx
2024-03-07 18:20:48,305 - INFO - looking for the filepath
2024-03-07 18:20:48,305 - INFO - Filename without extension: uploads\sipoc_table_6c4d3360
2024-03-07 18:20:48,305 - INFO - Uploaded filepath: uploads\sipoc_table_6c4d3360.csv
2024-03-07 18:20:48,697 - INFO - output_presentation is saved successfully.
2024-03-07 18:20:48,697 - INFO - output_presentation path: uploads\sipoc_table_6c4d3360.pptx
2024-03-07 18:35:22,535 - INFO - looking for the filepath
2024-03-07 18:35:22,535 - INFO - Filename without extension: uploads\sipoc_table_335f31a4
2024-03-07 18:35:22,535 - INFO - Uploaded filepath: uploads\sipoc_table_335f31a4.csv
2024-03-07 18:35:22,823 - INFO - output_presentation is saved successfully.
2024-03-07 18:35:22,823 - INFO - output_presentation path: uploads\sipoc_table_335f31a4.pptx
2024-03-07 18:48:24,555 - INFO - looking for the filepath
2024-03-07 18:48:24,555 - INFO - Filename without extension: uploads\sipoc_table_369ce81d
2024-03-07 18:48:24,555 - INFO - Uploaded filepath: uploads\sipoc_table_369ce81d.csv
2024-03-07 18:48:24,901 - INFO - output_presentation is saved successfully.
2024-03-07 18:48:24,902 - INFO - output_presentation path: uploads\sipoc_table_369ce81d.pptx
2024-03-07 18:52:13,479 - INFO - looking for the filepath
2024-03-07 18:52:13,479 - INFO - Filename without extension: uploads\sipoc_table_fa5b204a
2024-03-07 18:52:13,479 - INFO - Uploaded filepath: uploads\sipoc_table_fa5b204a.csv
2024-03-07 18:52:13,825 - INFO - output_presentation is saved successfully.
2024-03-07 18:52:13,825 - INFO - output_presentation path: uploads\sipoc_table_fa5b204a.pptx
2024-03-07 18:55:15,659 - INFO - looking for the filepath
2024-03-07 18:55:15,659 - INFO - Filename without extension: uploads\sipoc_table_f39da519
2024-03-07 18:55:15,659 - INFO - Uploaded filepath: uploads\sipoc_table_f39da519.csv
2024-03-07 18:55:16,162 - INFO - output_presentation is saved successfully.
2024-03-07 18:55:16,162 - INFO - output_presentation path: uploads\sipoc_table_f39da519.pptx
2024-03-08 11:23:37,085 - INFO - looking for the filepath
2024-03-08 11:23:37,101 - INFO - Filename without extension: uploads\sipoc_table_da1f71b2
2024-03-08 11:23:37,101 - INFO - Uploaded filepath: uploads\sipoc_table_da1f71b2.csv
2024-03-08 11:23:37,412 - INFO - output_presentation is saved successfully.
2024-03-08 11:23:37,412 - INFO - output_presentation path: uploads\sipoc_table_da1f71b2.pptx
2024-03-08 11:23:50,186 - INFO - looking for the filepath
2024-03-08 11:23:50,199 - INFO - Filename without extension: uploads\sipoc_table_819b6118
2024-03-08 11:23:50,200 - INFO - Uploaded filepath: uploads\sipoc_table_819b6118.csv
2024-03-08 11:23:50,542 - INFO - output_presentation is saved successfully.
2024-03-08 11:23:50,542 - INFO - output_presentation path: uploads\sipoc_table_819b6118.pptx
2024-03-08 11:25:25,348 - INFO - looking for the filepath
2024-03-08 11:25:25,348 - INFO - Filename without extension: uploads\sipoc_table2_c2b44800
2024-03-08 11:25:25,348 - INFO - Uploaded filepath: uploads\sipoc_table2_c2b44800.csv
2024-03-08 11:25:25,785 - INFO - output_presentation is saved successfully.
2024-03-08 11:25:25,785 - INFO - output_presentation path: uploads\sipoc_table2_c2b44800.pptx
2024-03-08 11:28:22,127 - INFO - looking for the filepath
2024-03-08 11:28:22,127 - INFO - Filename without extension: uploads\sipoc_table2_2912e42b
2024-03-08 11:28:22,127 - INFO - Uploaded filepath: uploads\sipoc_table2_2912e42b.csv
2024-03-08 11:28:22,692 - INFO - output_presentation is saved successfully.
2024-03-08 11:28:22,692 - INFO - output_presentation path: uploads\sipoc_table2_2912e42b.pptx
2024-03-08 12:28:05,410 - INFO - looking for the filepath
2024-03-08 12:28:05,410 - INFO - Filename without extension: uploads\sipoc_table1_ff7b1307
2024-03-08 12:28:05,410 - INFO - Uploaded filepath: uploads\sipoc_table1_ff7b1307.csv
2024-03-08 12:28:05,773 - INFO - output_presentation is saved successfully.
2024-03-08 12:28:05,773 - INFO - output_presentation path: uploads\sipoc_table1_ff7b1307.pptx
2024-03-08 12:28:17,801 - INFO - looking for the filepath
2024-03-08 12:28:17,801 - INFO - Filename without extension: uploads\sipoc_table1_e69eefc1
2024-03-08 12:28:17,801 - INFO - Uploaded filepath: uploads\sipoc_table1_e69eefc1.csv
2024-03-08 12:28:18,179 - INFO - output_presentation is saved successfully.
2024-03-08 12:28:18,179 - INFO - output_presentation path: uploads\sipoc_table1_e69eefc1.pptx
