2024-03-08 10:37:28,664 - INFO - looking for the filepath
2024-03-08 10:37:28,665 - INFO - Filename without extension: sipoc_table_f39da519
2024-03-08 10:37:28,665 - INFO - Uploaded filepath: sipoc_table_f39da519.csv
2024-03-08 10:38:21,211 - INFO - looking for the filepath
2024-03-08 10:38:21,211 - INFO - Filename without extension: sipoc_table_f39da519
2024-03-08 10:38:21,211 - INFO - Uploaded filepath: sipoc_table_f39da519.csv
2024-03-08 10:38:41,306 - INFO - looking for the filepath
2024-03-08 10:38:41,306 - INFO - Filename without extension: sipoc_table_f39da519
2024-03-08 10:38:41,306 - INFO - Uploaded filepath: sipoc_table_f39da519.csv
2024-03-08 10:38:41,337 - INFO - output_presentation is saved successfully.
2024-03-08 10:38:41,337 - INFO - output_presentation path: sipoc_table_f39da519.pptx
2024-03-08 10:42:30,901 - INFO - looking for the filepath
2024-03-08 10:42:30,901 - INFO - Filename without extension: sipoc_table_f39da519
2024-03-08 10:42:30,901 - INFO - Uploaded filepath: sipoc_table_f39da519.csv
2024-03-08 10:47:15,091 - INFO - looking for the filepath
2024-03-08 10:47:15,091 - INFO - Filename without extension: sipoc_table_f39da519
2024-03-08 10:47:15,091 - INFO - Uploaded filepath: sipoc_table_f39da519.csv
2024-03-08 10:47:15,131 - INFO - output_presentation is saved successfully.
2024-03-08 10:47:15,131 - INFO - output_presentation path: sipoc_table_f39da519.pptx
2024-03-08 10:50:28,035 - INFO - looking for the filepath
2024-03-08 10:50:28,035 - INFO - Filename without extension: sipoc_table_f39da519
2024-03-08 10:50:28,035 - INFO - Uploaded filepath: sipoc_table_f39da519.csv
2024-03-08 10:51:01,715 - INFO - looking for the filepath
2024-03-08 10:51:01,715 - INFO - Filename without extension: sipoc_table_f39da519
2024-03-08 10:51:01,715 - INFO - Uploaded filepath: sipoc_table_f39da519.csv
2024-03-08 10:51:32,118 - INFO - looking for the filepath
2024-03-08 10:51:32,118 - INFO - Filename without extension: sipoc_table_f39da519
2024-03-08 10:51:32,118 - INFO - Uploaded filepath: sipoc_table_f39da519.csv
2024-03-08 10:51:32,149 - INFO - output_presentation is saved successfully.
2024-03-08 10:51:32,149 - INFO - output_presentation path: sipoc_table_f39da519.pptx
2024-03-08 11:02:43,837 - INFO - looking for the filepath
2024-03-08 11:02:43,837 - INFO - Filename without extension: sipoc_table_f39da519
2024-03-08 11:02:43,837 - INFO - Uploaded filepath: sipoc_table_f39da519.csv
2024-03-08 11:02:43,884 - INFO - output_presentation is saved successfully.
2024-03-08 11:02:43,884 - INFO - output_presentation path: sipoc_table_f39da519.pptx
