2024-03-08 10:21:40,667 - INFO - looking for the filepath
2024-03-08 10:21:40,667 - INFO - Filename without extension: sipoc_table_f39da519
2024-03-08 10:21:40,667 - INFO - Uploaded filepath: sipoc_table_f39da519.csv
2024-03-08 10:21:40,698 - INFO - output_presentation is saved successfully.
2024-03-08 10:21:40,698 - INFO - output_presentation path: sipoc_table_f39da519.pptx
2024-03-08 10:21:40,698 - INFO - output_presentation is saved successfully.
2024-03-08 10:21:40,698 - INFO - output_presentation path: sipoc_table_f39da519.pptx
2024-03-08 10:21:40,728 - INFO - output_presentation is saved successfully.
2024-03-08 10:21:40,728 - INFO - output_presentation path: sipoc_table_f39da519.pptx
2024-03-08 10:21:40,745 - INFO - output_presentation is saved successfully.
2024-03-08 10:21:40,745 - INFO - output_presentation path: sipoc_table_f39da519.pptx
2024-03-08 10:21:40,763 - INFO - output_presentation is saved successfully.
2024-03-08 10:21:40,763 - INFO - output_presentation path: sipoc_table_f39da519.pptx
2024-03-08 10:21:40,777 - INFO - output_presentation is saved successfully.
2024-03-08 10:21:40,778 - INFO - output_presentation path: sipoc_table_f39da519.pptx
2024-03-08 10:21:40,794 - INFO - output_presentation is saved successfully.
2024-03-08 10:21:40,794 - INFO - output_presentation path: sipoc_table_f39da519.pptx
2024-03-08 10:21:40,811 - INFO - output_presentation is saved successfully.
2024-03-08 10:21:40,811 - INFO - output_presentation path: sipoc_table_f39da519.pptx
2024-03-08 10:21:40,826 - INFO - output_presentation is saved successfully.
2024-03-08 10:21:40,826 - INFO - output_presentation path: sipoc_table_f39da519.pptx
2024-03-08 10:21:40,838 - INFO - output_presentation is saved successfully.
2024-03-08 10:21:40,838 - INFO - output_presentation path: sipoc_table_f39da519.pptx
2024-03-08 10:21:40,855 - INFO - output_presentation is saved successfully.
2024-03-08 10:21:40,855 - INFO - output_presentation path: sipoc_table_f39da519.pptx
2024-03-08 10:21:40,869 - INFO - output_presentation is saved successfully.
2024-03-08 10:21:40,869 - INFO - output_presentation path: sipoc_table_f39da519.pptx
2024-03-08 10:26:32,815 - INFO - looking for the filepath
2024-03-08 10:26:32,815 - INFO - Filename without extension: sipoc_table_f39da519
2024-03-08 10:26:32,815 - INFO - Uploaded filepath: sipoc_table_f39da519.csv
2024-03-08 10:27:07,986 - INFO - looking for the filepath
2024-03-08 10:27:07,986 - INFO - Filename without extension: sipoc_table_f39da519
2024-03-08 10:27:07,987 - INFO - Uploaded filepath: sipoc_table_f39da519.csv
2024-03-08 10:27:08,016 - INFO - output_presentation is saved successfully.
2024-03-08 10:27:08,016 - INFO - output_presentation path: sipoc_table_f39da519.pptx
2024-03-08 10:27:08,031 - INFO - output_presentation is saved successfully.
2024-03-08 10:27:08,031 - INFO - output_presentation path: sipoc_table_f39da519.pptx
2024-03-08 10:27:08,046 - INFO - output_presentation is saved successfully.
2024-03-08 10:27:08,046 - INFO - output_presentation path: sipoc_table_f39da519.pptx
2024-03-08 10:27:08,062 - INFO - output_presentation is saved successfully.
2024-03-08 10:27:08,062 - INFO - output_presentation path: sipoc_table_f39da519.pptx
2024-03-08 10:27:08,081 - INFO - output_presentation is saved successfully.
2024-03-08 10:27:08,081 - INFO - output_presentation path: sipoc_table_f39da519.pptx
2024-03-08 10:27:08,097 - INFO - output_presentation is saved successfully.
2024-03-08 10:27:08,097 - INFO - output_presentation path: sipoc_table_f39da519.pptx
2024-03-08 10:27:08,113 - INFO - output_presentation is saved successfully.
2024-03-08 10:27:08,113 - INFO - output_presentation path: sipoc_table_f39da519.pptx
2024-03-08 10:27:08,124 - INFO - output_presentation is saved successfully.
2024-03-08 10:27:08,124 - INFO - output_presentation path: sipoc_table_f39da519.pptx
2024-03-08 10:27:08,136 - INFO - output_presentation is saved successfully.
2024-03-08 10:27:08,141 - INFO - output_presentation path: sipoc_table_f39da519.pptx
2024-03-08 10:27:08,155 - INFO - output_presentation is saved successfully.
2024-03-08 10:27:08,155 - INFO - output_presentation path: sipoc_table_f39da519.pptx
2024-03-08 10:27:08,176 - INFO - output_presentation is saved successfully.
2024-03-08 10:27:08,176 - INFO - output_presentation path: sipoc_table_f39da519.pptx
2024-03-08 10:27:08,191 - INFO - output_presentation is saved successfully.
2024-03-08 10:27:08,192 - INFO - output_presentation path: sipoc_table_f39da519.pptx
2024-03-08 10:30:15,191 - INFO - looking for the filepath
2024-03-08 10:30:15,191 - INFO - Filename without extension: sipoc_table_f39da519
2024-03-08 10:30:15,191 - INFO - Uploaded filepath: sipoc_table_f39da519.csv
2024-03-08 10:35:21,740 - INFO - looking for the filepath
2024-03-08 10:35:21,740 - INFO - Filename without extension: sipoc_table_f39da519
2024-03-08 10:35:21,740 - INFO - Uploaded filepath: sipoc_table_f39da519.csv
2024-03-08 10:35:26,991 - INFO - looking for the filepath
2024-03-08 10:35:26,991 - INFO - Filename without extension: sipoc_table_f39da519
2024-03-08 10:35:26,991 - INFO - Uploaded filepath: sipoc_table_f39da519.csv
